{"/Users/steve/projects/dynamodb-wrap/spec/dynamodb-wrap.spec.js":{"path":"/Users/steve/projects/dynamodb-wrap/spec/dynamodb-wrap.spec.js","s":{"1":1,"2":1,"3":1,"4":1,"5":1,"6":1,"7":1,"8":1,"9":1,"10":1,"11":1,"12":1,"13":1,"14":1,"15":1,"16":1,"17":1,"18":1,"19":1,"20":1,"21":1,"22":1,"23":1,"24":1,"25":1,"26":1,"27":1,"28":1,"29":1,"30":1,"31":1,"32":1,"33":1,"34":1,"35":1,"36":1,"37":1,"38":1,"39":1,"40":1,"41":1,"42":1,"43":1,"44":1,"45":1,"46":1,"47":1,"48":1,"49":1,"50":1,"51":1,"52":1,"53":1,"54":1,"55":1,"56":1,"57":1,"58":1,"59":1,"60":1,"61":1,"62":1,"63":1,"64":1,"65":1,"66":1,"67":1,"68":1,"69":1,"70":1,"71":1,"72":1,"73":1,"74":1,"75":1,"76":1,"77":1,"78":1,"79":1,"80":1,"81":1,"82":1,"83":1,"84":1,"85":1,"86":1,"87":1,"88":1,"89":1,"90":1,"91":1,"92":1},"b":{},"f":{"1":1,"2":1,"3":1,"4":0,"5":1,"6":1,"7":1,"8":1,"9":1,"10":1,"11":1,"12":1,"13":1,"14":1,"15":1,"16":1,"17":1,"18":1,"19":1,"20":1,"21":1,"22":1,"23":1,"24":1,"25":1,"26":1,"27":1,"28":1,"29":1,"30":1,"31":1,"32":1,"33":1,"34":1},"fnMap":{"1":{"name":"(anonymous_1)","line":3,"loc":{"start":{"line":3,"column":23},"end":{"line":3,"column":34}}},"2":{"name":"(anonymous_2)","line":4,"loc":{"start":{"line":4,"column":17},"end":{"line":4,"column":28}}},"3":{"name":"(anonymous_3)","line":8,"loc":{"start":{"line":8,"column":37},"end":{"line":8,"column":48}}},"4":{"name":"(anonymous_4)","line":10,"loc":{"start":{"line":10,"column":22},"end":{"line":10,"column":33}}},"5":{"name":"(anonymous_5)","line":19,"loc":{"start":{"line":19,"column":26},"end":{"line":19,"column":41}}},"6":{"name":"(anonymous_6)","line":21,"loc":{"start":{"line":21,"column":17},"end":{"line":21,"column":28}}},"7":{"name":"(anonymous_7)","line":25,"loc":{"start":{"line":25,"column":72},"end":{"line":25,"column":87}}},"8":{"name":"(anonymous_8)","line":28,"loc":{"start":{"line":28,"column":11},"end":{"line":28,"column":34}}},"9":{"name":"(anonymous_9)","line":35,"loc":{"start":{"line":35,"column":71},"end":{"line":35,"column":86}}},"10":{"name":"(anonymous_10)","line":38,"loc":{"start":{"line":38,"column":11},"end":{"line":38,"column":34}}},"11":{"name":"(anonymous_11)","line":49,"loc":{"start":{"line":49,"column":23},"end":{"line":49,"column":34}}},"12":{"name":"(anonymous_12)","line":50,"loc":{"start":{"line":50,"column":17},"end":{"line":50,"column":28}}},"13":{"name":"(anonymous_13)","line":54,"loc":{"start":{"line":54,"column":20},"end":{"line":54,"column":31}}},"14":{"name":"(anonymous_14)","line":57,"loc":{"start":{"line":57,"column":11},"end":{"line":57,"column":34}}},"15":{"name":"(anonymous_15)","line":63,"loc":{"start":{"line":63,"column":21},"end":{"line":63,"column":36}}},"16":{"name":"(anonymous_16)","line":86,"loc":{"start":{"line":86,"column":32},"end":{"line":86,"column":55}}},"17":{"name":"(anonymous_17)","line":94,"loc":{"start":{"line":94,"column":18},"end":{"line":94,"column":29}}},"18":{"name":"(anonymous_18)","line":95,"loc":{"start":{"line":95,"column":17},"end":{"line":95,"column":28}}},"19":{"name":"(anonymous_19)","line":99,"loc":{"start":{"line":99,"column":20},"end":{"line":99,"column":35}}},"20":{"name":"(anonymous_20)","line":121,"loc":{"start":{"line":121,"column":27},"end":{"line":121,"column":50}}},"21":{"name":"(anonymous_21)","line":127,"loc":{"start":{"line":127,"column":21},"end":{"line":127,"column":36}}},"22":{"name":"(anonymous_22)","line":149,"loc":{"start":{"line":149,"column":27},"end":{"line":149,"column":50}}},"23":{"name":"(anonymous_23)","line":157,"loc":{"start":{"line":157,"column":17},"end":{"line":157,"column":27}}},"24":{"name":"(anonymous_24)","line":158,"loc":{"start":{"line":158,"column":17},"end":{"line":158,"column":27}}},"25":{"name":"(anonymous_25)","line":162,"loc":{"start":{"line":162,"column":20},"end":{"line":162,"column":34}}},"26":{"name":"(anonymous_26)","line":163,"loc":{"start":{"line":163,"column":40},"end":{"line":163,"column":61}}},"27":{"name":"(anonymous_27)","line":170,"loc":{"start":{"line":170,"column":21},"end":{"line":170,"column":35}}},"28":{"name":"(anonymous_28)","line":173,"loc":{"start":{"line":173,"column":33},"end":{"line":173,"column":54}}},"29":{"name":"(anonymous_29)","line":182,"loc":{"start":{"line":182,"column":20},"end":{"line":182,"column":30}}},"30":{"name":"(anonymous_30)","line":183,"loc":{"start":{"line":183,"column":17},"end":{"line":183,"column":27}}},"31":{"name":"(anonymous_31)","line":187,"loc":{"start":{"line":187,"column":20},"end":{"line":187,"column":34}}},"32":{"name":"(anonymous_32)","line":188,"loc":{"start":{"line":188,"column":37},"end":{"line":188,"column":59}}},"33":{"name":"(anonymous_33)","line":195,"loc":{"start":{"line":195,"column":21},"end":{"line":195,"column":35}}},"34":{"name":"(anonymous_34)","line":210,"loc":{"start":{"line":210,"column":29},"end":{"line":210,"column":51}}}},"statementMap":{"1":{"start":{"line":1,"column":0},"end":{"line":1,"column":42}},"2":{"start":{"line":3,"column":0},"end":{"line":17,"column":3}},"3":{"start":{"line":4,"column":4},"end":{"line":6,"column":7}},"4":{"start":{"line":5,"column":8},"end":{"line":5,"column":46}},"5":{"start":{"line":8,"column":4},"end":{"line":15,"column":7}},"6":{"start":{"line":9,"column":8},"end":{"line":11,"column":10}},"7":{"start":{"line":12,"column":8},"end":{"line":12,"column":31}},"8":{"start":{"line":13,"column":8},"end":{"line":13,"column":42}},"9":{"start":{"line":14,"column":8},"end":{"line":14,"column":48}},"10":{"start":{"line":19,"column":0},"end":{"line":47,"column":3}},"11":{"start":{"line":21,"column":4},"end":{"line":23,"column":7}},"12":{"start":{"line":22,"column":8},"end":{"line":22,"column":49}},"13":{"start":{"line":25,"column":4},"end":{"line":33,"column":7}},"14":{"start":{"line":26,"column":8},"end":{"line":32,"column":11}},"15":{"start":{"line":29,"column":12},"end":{"line":29,"column":38}},"16":{"start":{"line":30,"column":12},"end":{"line":30,"column":39}},"17":{"start":{"line":31,"column":12},"end":{"line":31,"column":19}},"18":{"start":{"line":35,"column":4},"end":{"line":46,"column":7}},"19":{"start":{"line":36,"column":8},"end":{"line":45,"column":11}},"20":{"start":{"line":39,"column":12},"end":{"line":39,"column":35}},"21":{"start":{"line":40,"column":12},"end":{"line":40,"column":42}},"22":{"start":{"line":41,"column":12},"end":{"line":41,"column":48}},"23":{"start":{"line":42,"column":12},"end":{"line":42,"column":58}},"24":{"start":{"line":43,"column":12},"end":{"line":43,"column":59}},"25":{"start":{"line":44,"column":12},"end":{"line":44,"column":19}},"26":{"start":{"line":49,"column":0},"end":{"line":92,"column":3}},"27":{"start":{"line":50,"column":4},"end":{"line":52,"column":7}},"28":{"start":{"line":51,"column":8},"end":{"line":51,"column":46}},"29":{"start":{"line":54,"column":4},"end":{"line":61,"column":7}},"30":{"start":{"line":55,"column":8},"end":{"line":60,"column":11}},"31":{"start":{"line":58,"column":12},"end":{"line":58,"column":38}},"32":{"start":{"line":59,"column":12},"end":{"line":59,"column":46}},"33":{"start":{"line":63,"column":4},"end":{"line":91,"column":7}},"34":{"start":{"line":65,"column":8},"end":{"line":65,"column":29}},"35":{"start":{"line":66,"column":8},"end":{"line":73,"column":10}},"36":{"start":{"line":74,"column":8},"end":{"line":74,"column":48}},"37":{"start":{"line":75,"column":8},"end":{"line":79,"column":10}},"38":{"start":{"line":80,"column":8},"end":{"line":85,"column":10}},"39":{"start":{"line":86,"column":8},"end":{"line":90,"column":11}},"40":{"start":{"line":87,"column":12},"end":{"line":87,"column":35}},"41":{"start":{"line":88,"column":12},"end":{"line":88,"column":42}},"42":{"start":{"line":89,"column":12},"end":{"line":89,"column":19}},"43":{"start":{"line":94,"column":0},"end":{"line":155,"column":3}},"44":{"start":{"line":95,"column":4},"end":{"line":97,"column":7}},"45":{"start":{"line":96,"column":8},"end":{"line":96,"column":41}},"46":{"start":{"line":99,"column":4},"end":{"line":126,"column":7}},"47":{"start":{"line":101,"column":8},"end":{"line":101,"column":29}},"48":{"start":{"line":102,"column":8},"end":{"line":116,"column":10}},"49":{"start":{"line":117,"column":8},"end":{"line":120,"column":10}},"50":{"start":{"line":121,"column":8},"end":{"line":125,"column":11}},"51":{"start":{"line":122,"column":12},"end":{"line":122,"column":38}},"52":{"start":{"line":123,"column":12},"end":{"line":123,"column":43}},"53":{"start":{"line":124,"column":12},"end":{"line":124,"column":19}},"54":{"start":{"line":127,"column":4},"end":{"line":154,"column":7}},"55":{"start":{"line":129,"column":8},"end":{"line":129,"column":29}},"56":{"start":{"line":130,"column":8},"end":{"line":144,"column":10}},"57":{"start":{"line":145,"column":8},"end":{"line":148,"column":10}},"58":{"start":{"line":149,"column":8},"end":{"line":153,"column":11}},"59":{"start":{"line":150,"column":12},"end":{"line":150,"column":35}},"60":{"start":{"line":151,"column":12},"end":{"line":151,"column":50}},"61":{"start":{"line":152,"column":12},"end":{"line":152,"column":19}},"62":{"start":{"line":157,"column":0},"end":{"line":180,"column":3}},"63":{"start":{"line":158,"column":4},"end":{"line":160,"column":7}},"64":{"start":{"line":159,"column":8},"end":{"line":159,"column":40}},"65":{"start":{"line":162,"column":4},"end":{"line":168,"column":7}},"66":{"start":{"line":163,"column":8},"end":{"line":167,"column":11}},"67":{"start":{"line":164,"column":12},"end":{"line":164,"column":39}},"68":{"start":{"line":165,"column":12},"end":{"line":165,"column":43}},"69":{"start":{"line":166,"column":12},"end":{"line":166,"column":19}},"70":{"start":{"line":170,"column":4},"end":{"line":179,"column":6}},"71":{"start":{"line":171,"column":8},"end":{"line":171,"column":36}},"72":{"start":{"line":173,"column":8},"end":{"line":177,"column":11}},"73":{"start":{"line":174,"column":12},"end":{"line":174,"column":42}},"74":{"start":{"line":175,"column":12},"end":{"line":175,"column":50}},"75":{"start":{"line":176,"column":12},"end":{"line":176,"column":19}},"76":{"start":{"line":182,"column":0},"end":{"line":217,"column":3}},"77":{"start":{"line":183,"column":4},"end":{"line":185,"column":7}},"78":{"start":{"line":184,"column":8},"end":{"line":184,"column":43}},"79":{"start":{"line":187,"column":4},"end":{"line":193,"column":7}},"80":{"start":{"line":188,"column":8},"end":{"line":192,"column":11}},"81":{"start":{"line":189,"column":12},"end":{"line":189,"column":38}},"82":{"start":{"line":190,"column":12},"end":{"line":190,"column":46}},"83":{"start":{"line":191,"column":12},"end":{"line":191,"column":19}},"84":{"start":{"line":195,"column":4},"end":{"line":216,"column":7}},"85":{"start":{"line":196,"column":8},"end":{"line":196,"column":29}},"86":{"start":{"line":197,"column":8},"end":{"line":204,"column":10}},"87":{"start":{"line":205,"column":8},"end":{"line":208,"column":10}},"88":{"start":{"line":210,"column":8},"end":{"line":215,"column":10}},"89":{"start":{"line":211,"column":12},"end":{"line":211,"column":37}},"90":{"start":{"line":212,"column":12},"end":{"line":212,"column":35}},"91":{"start":{"line":213,"column":12},"end":{"line":213,"column":42}},"92":{"start":{"line":214,"column":12},"end":{"line":214,"column":19}}},"branchMap":{}},"/Users/steve/projects/dynamodb-wrap/dynamodb-wrap.js":{"path":"/Users/steve/projects/dynamodb-wrap/dynamodb-wrap.js","s":{"1":1,"2":1,"3":1,"4":1,"5":1,"6":1,"7":1,"8":1,"9":1,"10":1,"11":1,"12":1,"13":1,"14":1,"15":1,"16":2,"17":2,"18":1,"19":2,"20":1,"21":1,"22":1,"23":1,"24":0,"25":1,"26":1,"27":2,"28":0,"29":2,"30":2,"31":2,"32":0,"33":2,"34":2,"35":2,"36":1,"37":0,"38":0,"39":0,"40":0,"41":0,"42":0,"43":0,"44":1,"45":0,"46":0,"47":0,"48":0,"49":0,"50":0,"51":0,"52":0,"53":0,"54":0,"55":0,"56":1,"57":2,"58":2,"59":0,"60":2,"61":2,"62":0,"63":2,"64":2,"65":2,"66":2,"67":2,"68":1,"69":1,"70":1,"71":1,"72":1,"73":1,"74":1,"75":1,"76":0,"77":0,"78":0,"79":0,"80":0,"81":0,"82":0,"83":0,"84":1,"85":2,"86":1,"87":1,"88":276,"89":1,"90":2,"91":1,"92":1,"93":1,"94":0,"95":1},"b":{"1":[1,1],"2":[1,0],"3":[1,1],"4":[2,2,1,1],"5":[0,1],"6":[0,2],"7":[2,2],"8":[0,2],"9":[2,0],"10":[0,0],"11":[0,0],"12":[0,0],"13":[0,0],"14":[0,0],"15":[0,0],"16":[0,0],"17":[0,2],"18":[0,2],"19":[1,1],"20":[1,0],"21":[1,0],"22":[0,0],"23":[0,0],"24":[1,1],"25":[2,2],"26":[0,1]},"f":{"1":1,"2":2,"3":2,"4":1,"5":2,"6":2,"7":0,"8":0,"9":0,"10":0,"11":2,"12":2,"13":2,"14":0,"15":1,"16":2,"17":1,"18":276,"19":2,"20":1},"fnMap":{"1":{"name":"initialize","line":33,"loc":{"start":{"line":33,"column":0},"end":{"line":33,"column":38}}},"2":{"name":"describeTable","line":52,"loc":{"start":{"line":52,"column":0},"end":{"line":52,"column":41}}},"3":{"name":"updateItem","line":90,"loc":{"start":{"line":90,"column":0},"end":{"line":90,"column":38}}},"4":{"name":"(anonymous_4)","line":101,"loc":{"start":{"line":101,"column":28},"end":{"line":101,"column":49}}},"5":{"name":"query","line":129,"loc":{"start":{"line":129,"column":0},"end":{"line":129,"column":33}}},"6":{"name":"(anonymous_6)","line":138,"loc":{"start":{"line":138,"column":23},"end":{"line":138,"column":44}}},"7":{"name":"deleteItem","line":166,"loc":{"start":{"line":166,"column":0},"end":{"line":166,"column":38}}},"8":{"name":"(anonymous_8)","line":175,"loc":{"start":{"line":175,"column":28},"end":{"line":175,"column":49}}},"9":{"name":"getItem","line":200,"loc":{"start":{"line":200,"column":0},"end":{"line":200,"column":35}}},"10":{"name":"(anonymous_10)","line":209,"loc":{"start":{"line":209,"column":25},"end":{"line":209,"column":46}}},"11":{"name":"scan","line":237,"loc":{"start":{"line":237,"column":0},"end":{"line":237,"column":36}}},"12":{"name":"(anonymous_12)","line":251,"loc":{"start":{"line":251,"column":19},"end":{"line":251,"column":39}}},"13":{"name":"(anonymous_13)","line":252,"loc":{"start":{"line":252,"column":30},"end":{"line":252,"column":51}}},"14":{"name":"(anonymous_14)","line":277,"loc":{"start":{"line":277,"column":39},"end":{"line":277,"column":51}}},"15":{"name":"(anonymous_15)","line":287,"loc":{"start":{"line":287,"column":8},"end":{"line":287,"column":20}}},"16":{"name":"(anonymous_16)","line":290,"loc":{"start":{"line":290,"column":8},"end":{"line":290,"column":23}}},"17":{"name":"buildArray","line":295,"loc":{"start":{"line":295,"column":0},"end":{"line":295,"column":37}}},"18":{"name":"(anonymous_18)","line":296,"loc":{"start":{"line":296,"column":21},"end":{"line":296,"column":36}}},"19":{"name":"putItem","line":324,"loc":{"start":{"line":324,"column":0},"end":{"line":324,"column":35}}},"20":{"name":"(anonymous_20)","line":331,"loc":{"start":{"line":331,"column":7},"end":{"line":331,"column":28}}}},"statementMap":{"1":{"start":{"line":1,"column":0},"end":{"line":1,"column":29}},"2":{"start":{"line":2,"column":0},"end":{"line":2,"column":29}},"3":{"start":{"line":3,"column":0},"end":{"line":3,"column":27}},"4":{"start":{"line":4,"column":0},"end":{"line":4,"column":21}},"5":{"start":{"line":6,"column":0},"end":{"line":8,"column":3}},"6":{"start":{"line":10,"column":0},"end":{"line":10,"column":49}},"7":{"start":{"line":12,"column":0},"end":{"line":12,"column":28}},"8":{"start":{"line":14,"column":0},"end":{"line":14,"column":26}},"9":{"start":{"line":16,"column":0},"end":{"line":25,"column":2}},"10":{"start":{"line":33,"column":0},"end":{"line":44,"column":1}},"11":{"start":{"line":35,"column":4},"end":{"line":37,"column":7}},"12":{"start":{"line":39,"column":4},"end":{"line":39,"column":28}},"13":{"start":{"line":41,"column":4},"end":{"line":43,"column":5}},"14":{"start":{"line":42,"column":8},"end":{"line":42,"column":19}},"15":{"start":{"line":52,"column":0},"end":{"line":58,"column":1}},"16":{"start":{"line":53,"column":4},"end":{"line":55,"column":6}},"17":{"start":{"line":57,"column":4},"end":{"line":57,"column":41}},"18":{"start":{"line":90,"column":0},"end":{"line":108,"column":1}},"19":{"start":{"line":91,"column":4},"end":{"line":93,"column":5}},"20":{"start":{"line":92,"column":8},"end":{"line":92,"column":79}},"21":{"start":{"line":94,"column":4},"end":{"line":99,"column":6}},"22":{"start":{"line":101,"column":4},"end":{"line":107,"column":7}},"23":{"start":{"line":102,"column":8},"end":{"line":106,"column":9}},"24":{"start":{"line":103,"column":12},"end":{"line":103,"column":32}},"25":{"start":{"line":105,"column":12},"end":{"line":105,"column":33}},"26":{"start":{"line":129,"column":0},"end":{"line":148,"column":1}},"27":{"start":{"line":130,"column":4},"end":{"line":132,"column":5}},"28":{"start":{"line":131,"column":8},"end":{"line":131,"column":59}},"29":{"start":{"line":134,"column":4},"end":{"line":137,"column":6}},"30":{"start":{"line":138,"column":4},"end":{"line":147,"column":7}},"31":{"start":{"line":139,"column":8},"end":{"line":146,"column":9}},"32":{"start":{"line":140,"column":12},"end":{"line":140,"column":32}},"33":{"start":{"line":142,"column":12},"end":{"line":144,"column":13}},"34":{"start":{"line":143,"column":16},"end":{"line":143,"column":49}},"35":{"start":{"line":145,"column":12},"end":{"line":145,"column":39}},"36":{"start":{"line":166,"column":0},"end":{"line":182,"column":1}},"37":{"start":{"line":167,"column":4},"end":{"line":169,"column":5}},"38":{"start":{"line":168,"column":8},"end":{"line":168,"column":59}},"39":{"start":{"line":170,"column":4},"end":{"line":173,"column":6}},"40":{"start":{"line":175,"column":4},"end":{"line":181,"column":7}},"41":{"start":{"line":176,"column":8},"end":{"line":180,"column":9}},"42":{"start":{"line":177,"column":12},"end":{"line":177,"column":32}},"43":{"start":{"line":179,"column":12},"end":{"line":179,"column":33}},"44":{"start":{"line":200,"column":0},"end":{"line":223,"column":1}},"45":{"start":{"line":201,"column":4},"end":{"line":203,"column":5}},"46":{"start":{"line":202,"column":8},"end":{"line":202,"column":52}},"47":{"start":{"line":204,"column":4},"end":{"line":207,"column":6}},"48":{"start":{"line":209,"column":4},"end":{"line":222,"column":7}},"49":{"start":{"line":210,"column":8},"end":{"line":221,"column":9}},"50":{"start":{"line":211,"column":12},"end":{"line":211,"column":32}},"51":{"start":{"line":213,"column":12},"end":{"line":220,"column":13}},"52":{"start":{"line":214,"column":16},"end":{"line":216,"column":17}},"53":{"start":{"line":215,"column":20},"end":{"line":215,"column":52}},"54":{"start":{"line":217,"column":16},"end":{"line":217,"column":42}},"55":{"start":{"line":219,"column":16},"end":{"line":219,"column":34}},"56":{"start":{"line":237,"column":0},"end":{"line":293,"column":1}},"57":{"start":{"line":238,"column":4},"end":{"line":238,"column":37}},"58":{"start":{"line":239,"column":4},"end":{"line":241,"column":5}},"59":{"start":{"line":240,"column":8},"end":{"line":240,"column":54}},"60":{"start":{"line":242,"column":4},"end":{"line":244,"column":6}},"61":{"start":{"line":245,"column":4},"end":{"line":247,"column":5}},"62":{"start":{"line":246,"column":8},"end":{"line":246,"column":38}},"63":{"start":{"line":248,"column":4},"end":{"line":248,"column":22}},"64":{"start":{"line":249,"column":4},"end":{"line":249,"column":24}},"65":{"start":{"line":251,"column":4},"end":{"line":292,"column":11}},"66":{"start":{"line":252,"column":12},"end":{"line":285,"column":15}},"67":{"start":{"line":253,"column":16},"end":{"line":284,"column":17}},"68":{"start":{"line":254,"column":20},"end":{"line":254,"column":36}},"69":{"start":{"line":255,"column":20},"end":{"line":258,"column":23}},"70":{"start":{"line":260,"column":20},"end":{"line":262,"column":21}},"71":{"start":{"line":261,"column":24},"end":{"line":261,"column":57}},"72":{"start":{"line":263,"column":20},"end":{"line":263,"column":53}},"73":{"start":{"line":265,"column":20},"end":{"line":283,"column":21}},"74":{"start":{"line":266,"column":24},"end":{"line":266,"column":40}},"75":{"start":{"line":267,"column":24},"end":{"line":267,"column":35}},"76":{"start":{"line":269,"column":24},"end":{"line":274,"column":25}},"77":{"start":{"line":270,"column":28},"end":{"line":270,"column":43}},"78":{"start":{"line":273,"column":28},"end":{"line":273,"column":44}},"79":{"start":{"line":275,"column":24},"end":{"line":275,"column":75}},"80":{"start":{"line":276,"column":24},"end":{"line":282,"column":25}},"81":{"start":{"line":277,"column":28},"end":{"line":279,"column":45}},"82":{"start":{"line":278,"column":32},"end":{"line":278,"column":43}},"83":{"start":{"line":281,"column":28},"end":{"line":281,"column":39}},"84":{"start":{"line":288,"column":12},"end":{"line":288,"column":27}},"85":{"start":{"line":291,"column":12},"end":{"line":291,"column":40}},"86":{"start":{"line":295,"column":0},"end":{"line":299,"column":1}},"87":{"start":{"line":296,"column":4},"end":{"line":298,"column":7}},"88":{"start":{"line":297,"column":8},"end":{"line":297,"column":24}},"89":{"start":{"line":324,"column":0},"end":{"line":339,"column":1}},"90":{"start":{"line":325,"column":4},"end":{"line":327,"column":5}},"91":{"start":{"line":326,"column":8},"end":{"line":326,"column":60}},"92":{"start":{"line":328,"column":4},"end":{"line":338,"column":7}},"93":{"start":{"line":332,"column":8},"end":{"line":336,"column":9}},"94":{"start":{"line":333,"column":12},"end":{"line":333,"column":32}},"95":{"start":{"line":335,"column":12},"end":{"line":335,"column":33}}},"branchMap":{"1":{"line":36,"type":"binary-expr","locations":[{"start":{"line":36,"column":16},"end":{"line":36,"column":29}},{"start":{"line":36,"column":33},"end":{"line":36,"column":44}}]},"2":{"line":41,"type":"if","locations":[{"start":{"line":41,"column":4},"end":{"line":41,"column":4}},{"start":{"line":41,"column":4},"end":{"line":41,"column":4}}]},"3":{"line":91,"type":"if","locations":[{"start":{"line":91,"column":4},"end":{"line":91,"column":4}},{"start":{"line":91,"column":4},"end":{"line":91,"column":4}}]},"4":{"line":91,"type":"binary-expr","locations":[{"start":{"line":91,"column":8},"end":{"line":91,"column":19}},{"start":{"line":91,"column":23},"end":{"line":91,"column":41}},{"start":{"line":91,"column":45},"end":{"line":91,"column":59}},{"start":{"line":91,"column":63},"end":{"line":91,"column":76}}]},"5":{"line":102,"type":"if","locations":[{"start":{"line":102,"column":8},"end":{"line":102,"column":8}},{"start":{"line":102,"column":8},"end":{"line":102,"column":8}}]},"6":{"line":130,"type":"if","locations":[{"start":{"line":130,"column":4},"end":{"line":130,"column":4}},{"start":{"line":130,"column":4},"end":{"line":130,"column":4}}]},"7":{"line":130,"type":"binary-expr","locations":[{"start":{"line":130,"column":8},"end":{"line":130,"column":21}},{"start":{"line":130,"column":25},"end":{"line":130,"column":36}}]},"8":{"line":139,"type":"if","locations":[{"start":{"line":139,"column":8},"end":{"line":139,"column":8}},{"start":{"line":139,"column":8},"end":{"line":139,"column":8}}]},"9":{"line":142,"type":"if","locations":[{"start":{"line":142,"column":12},"end":{"line":142,"column":12}},{"start":{"line":142,"column":12},"end":{"line":142,"column":12}}]},"10":{"line":167,"type":"if","locations":[{"start":{"line":167,"column":4},"end":{"line":167,"column":4}},{"start":{"line":167,"column":4},"end":{"line":167,"column":4}}]},"11":{"line":167,"type":"binary-expr","locations":[{"start":{"line":167,"column":8},"end":{"line":167,"column":21}},{"start":{"line":167,"column":25},"end":{"line":167,"column":36}}]},"12":{"line":176,"type":"if","locations":[{"start":{"line":176,"column":8},"end":{"line":176,"column":8}},{"start":{"line":176,"column":8},"end":{"line":176,"column":8}}]},"13":{"line":201,"type":"if","locations":[{"start":{"line":201,"column":4},"end":{"line":201,"column":4}},{"start":{"line":201,"column":4},"end":{"line":201,"column":4}}]},"14":{"line":201,"type":"binary-expr","locations":[{"start":{"line":201,"column":8},"end":{"line":201,"column":21}},{"start":{"line":201,"column":25},"end":{"line":201,"column":36}}]},"15":{"line":210,"type":"if","locations":[{"start":{"line":210,"column":8},"end":{"line":210,"column":8}},{"start":{"line":210,"column":8},"end":{"line":210,"column":8}}]},"16":{"line":214,"type":"if","locations":[{"start":{"line":214,"column":16},"end":{"line":214,"column":16}},{"start":{"line":214,"column":16},"end":{"line":214,"column":16}}]},"17":{"line":239,"type":"if","locations":[{"start":{"line":239,"column":4},"end":{"line":239,"column":4}},{"start":{"line":239,"column":4},"end":{"line":239,"column":4}}]},"18":{"line":245,"type":"if","locations":[{"start":{"line":245,"column":4},"end":{"line":245,"column":4}},{"start":{"line":245,"column":4},"end":{"line":245,"column":4}}]},"19":{"line":253,"type":"if","locations":[{"start":{"line":253,"column":16},"end":{"line":253,"column":16}},{"start":{"line":253,"column":16},"end":{"line":253,"column":16}}]},"20":{"line":260,"type":"if","locations":[{"start":{"line":260,"column":20},"end":{"line":260,"column":20}},{"start":{"line":260,"column":20},"end":{"line":260,"column":20}}]},"21":{"line":265,"type":"if","locations":[{"start":{"line":265,"column":20},"end":{"line":265,"column":20}},{"start":{"line":265,"column":20},"end":{"line":265,"column":20}}]},"22":{"line":269,"type":"if","locations":[{"start":{"line":269,"column":24},"end":{"line":269,"column":24}},{"start":{"line":269,"column":24},"end":{"line":269,"column":24}}]},"23":{"line":276,"type":"if","locations":[{"start":{"line":276,"column":24},"end":{"line":276,"column":24}},{"start":{"line":276,"column":24},"end":{"line":276,"column":24}}]},"24":{"line":325,"type":"if","locations":[{"start":{"line":325,"column":4},"end":{"line":325,"column":4}},{"start":{"line":325,"column":4},"end":{"line":325,"column":4}}]},"25":{"line":325,"type":"binary-expr","locations":[{"start":{"line":325,"column":8},"end":{"line":325,"column":21}},{"start":{"line":325,"column":25},"end":{"line":325,"column":37}}]},"26":{"line":332,"type":"if","locations":[{"start":{"line":332,"column":8},"end":{"line":332,"column":8}},{"start":{"line":332,"column":8},"end":{"line":332,"column":8}}]}}},"/Users/steve/projects/dynamodb-wrap/helpers/dataHelper.js":{"path":"/Users/steve/projects/dynamodb-wrap/helpers/dataHelper.js","s":{"1":1,"2":1,"3":3,"4":0,"5":3,"6":277,"7":1876,"8":1876,"9":1,"10":0,"11":0,"12":0,"13":1},"b":{"1":[0,3]},"f":{"1":3,"2":277,"3":0},"fnMap":{"1":{"name":"removeKey","line":3,"loc":{"start":{"line":3,"column":0},"end":{"line":3,"column":25}}},"2":{"name":"(anonymous_2)","line":7,"loc":{"start":{"line":7,"column":21},"end":{"line":7,"column":37}}},"3":{"name":"removeIndividualKey","line":17,"loc":{"start":{"line":17,"column":0},"end":{"line":17,"column":35}}}},"statementMap":{"1":{"start":{"line":1,"column":0},"end":{"line":1,"column":27}},"2":{"start":{"line":3,"column":0},"end":{"line":15,"column":1}},"3":{"start":{"line":4,"column":4},"end":{"line":14,"column":5}},"4":{"start":{"line":5,"column":8},"end":{"line":5,"column":34}},"5":{"start":{"line":7,"column":8},"end":{"line":13,"column":11}},"6":{"start":{"line":8,"column":12},"end":{"line":12,"column":13}},"7":{"start":{"line":9,"column":16},"end":{"line":11,"column":17}},"8":{"start":{"line":10,"column":20},"end":{"line":10,"column":54}},"9":{"start":{"line":17,"column":0},"end":{"line":23,"column":1}},"10":{"start":{"line":18,"column":4},"end":{"line":22,"column":5}},"11":{"start":{"line":19,"column":8},"end":{"line":21,"column":9}},"12":{"start":{"line":20,"column":12},"end":{"line":20,"column":44}},"13":{"start":{"line":25,"column":0},"end":{"line":27,"column":2}}},"branchMap":{"1":{"line":4,"type":"if","locations":[{"start":{"line":4,"column":4},"end":{"line":4,"column":4}},{"start":{"line":4,"column":4},"end":{"line":4,"column":4}}]}}}}