TN:
SF:/Users/steve/projects/dynamodb-wrap/spec/dynamodb-wrap.spec.js
FN:3,(anonymous_1)
FN:4,(anonymous_2)
FN:8,(anonymous_3)
FN:10,(anonymous_4)
FN:19,(anonymous_5)
FN:21,(anonymous_6)
FN:25,(anonymous_7)
FN:28,(anonymous_8)
FN:35,(anonymous_9)
FN:38,(anonymous_10)
FN:49,(anonymous_11)
FN:50,(anonymous_12)
FN:54,(anonymous_13)
FN:57,(anonymous_14)
FN:63,(anonymous_15)
FN:86,(anonymous_16)
FN:94,(anonymous_17)
FN:95,(anonymous_18)
FN:99,(anonymous_19)
FN:121,(anonymous_20)
FN:127,(anonymous_21)
FN:149,(anonymous_22)
FN:157,(anonymous_23)
FN:158,(anonymous_24)
FN:162,(anonymous_25)
FN:163,(anonymous_26)
FN:170,(anonymous_27)
FN:173,(anonymous_28)
FN:182,(anonymous_29)
FN:183,(anonymous_30)
FN:187,(anonymous_31)
FN:188,(anonymous_32)
FN:195,(anonymous_33)
FN:210,(anonymous_34)
FNF:34
FNH:33
FNDA:1,(anonymous_1)
FNDA:1,(anonymous_2)
FNDA:1,(anonymous_3)
FNDA:0,(anonymous_4)
FNDA:1,(anonymous_5)
FNDA:1,(anonymous_6)
FNDA:1,(anonymous_7)
FNDA:1,(anonymous_8)
FNDA:1,(anonymous_9)
FNDA:1,(anonymous_10)
FNDA:1,(anonymous_11)
FNDA:1,(anonymous_12)
FNDA:1,(anonymous_13)
FNDA:1,(anonymous_14)
FNDA:1,(anonymous_15)
FNDA:1,(anonymous_16)
FNDA:1,(anonymous_17)
FNDA:1,(anonymous_18)
FNDA:1,(anonymous_19)
FNDA:1,(anonymous_20)
FNDA:1,(anonymous_21)
FNDA:1,(anonymous_22)
FNDA:1,(anonymous_23)
FNDA:1,(anonymous_24)
FNDA:1,(anonymous_25)
FNDA:1,(anonymous_26)
FNDA:1,(anonymous_27)
FNDA:1,(anonymous_28)
FNDA:1,(anonymous_29)
FNDA:1,(anonymous_30)
FNDA:1,(anonymous_31)
FNDA:1,(anonymous_32)
FNDA:1,(anonymous_33)
FNDA:1,(anonymous_34)
DA:1,1
DA:3,1
DA:4,1
DA:5,1
DA:8,1
DA:9,1
DA:12,1
DA:13,1
DA:14,1
DA:19,1
DA:21,1
DA:22,1
DA:25,1
DA:26,1
DA:29,1
DA:30,1
DA:31,1
DA:35,1
DA:36,1
DA:39,1
DA:40,1
DA:41,1
DA:42,1
DA:43,1
DA:44,1
DA:49,1
DA:50,1
DA:51,1
DA:54,1
DA:55,1
DA:58,1
DA:59,1
DA:63,1
DA:65,1
DA:66,1
DA:74,1
DA:75,1
DA:80,1
DA:86,1
DA:87,1
DA:88,1
DA:89,1
DA:94,1
DA:95,1
DA:96,1
DA:99,1
DA:101,1
DA:102,1
DA:117,1
DA:121,1
DA:122,1
DA:123,1
DA:124,1
DA:127,1
DA:129,1
DA:130,1
DA:145,1
DA:149,1
DA:150,1
DA:151,1
DA:152,1
DA:157,1
DA:158,1
DA:159,1
DA:162,1
DA:163,1
DA:164,1
DA:165,1
DA:166,1
DA:170,1
DA:171,1
DA:173,1
DA:174,1
DA:175,1
DA:176,1
DA:182,1
DA:183,1
DA:184,1
DA:187,1
DA:188,1
DA:189,1
DA:190,1
DA:191,1
DA:195,1
DA:196,1
DA:197,1
DA:205,1
DA:210,1
DA:211,1
DA:212,1
DA:213,1
DA:214,1
LF:92
LH:92
BRF:0
BRH:0
end_of_record
TN:
SF:/Users/steve/projects/dynamodb-wrap/dynamodb-wrap.js
FN:33,initialize
FN:52,describeTable
FN:90,updateItem
FN:101,(anonymous_4)
FN:129,query
FN:138,(anonymous_6)
FN:166,deleteItem
FN:175,(anonymous_8)
FN:200,getItem
FN:209,(anonymous_10)
FN:237,scan
FN:251,(anonymous_12)
FN:252,(anonymous_13)
FN:277,(anonymous_14)
FN:287,(anonymous_15)
FN:290,(anonymous_16)
FN:295,buildArray
FN:296,(anonymous_18)
FN:324,putItem
FN:331,(anonymous_20)
FNF:20
FNH:15
FNDA:1,initialize
FNDA:2,describeTable
FNDA:2,updateItem
FNDA:1,(anonymous_4)
FNDA:2,query
FNDA:2,(anonymous_6)
FNDA:0,deleteItem
FNDA:0,(anonymous_8)
FNDA:0,getItem
FNDA:0,(anonymous_10)
FNDA:2,scan
FNDA:2,(anonymous_12)
FNDA:2,(anonymous_13)
FNDA:0,(anonymous_14)
FNDA:1,(anonymous_15)
FNDA:2,(anonymous_16)
FNDA:1,buildArray
FNDA:276,(anonymous_18)
FNDA:2,putItem
FNDA:1,(anonymous_20)
DA:1,1
DA:2,1
DA:3,1
DA:4,1
DA:6,1
DA:10,1
DA:12,1
DA:14,1
DA:16,1
DA:33,1
DA:35,1
DA:39,1
DA:41,1
DA:42,1
DA:52,1
DA:53,2
DA:57,2
DA:90,1
DA:91,2
DA:92,1
DA:94,1
DA:101,1
DA:102,1
DA:103,0
DA:105,1
DA:129,1
DA:130,2
DA:131,0
DA:134,2
DA:138,2
DA:139,2
DA:140,0
DA:142,2
DA:143,2
DA:145,2
DA:166,1
DA:167,0
DA:168,0
DA:170,0
DA:175,0
DA:176,0
DA:177,0
DA:179,0
DA:200,1
DA:201,0
DA:202,0
DA:204,0
DA:209,0
DA:210,0
DA:211,0
DA:213,0
DA:214,0
DA:215,0
DA:217,0
DA:219,0
DA:237,1
DA:238,2
DA:239,2
DA:240,0
DA:242,2
DA:245,2
DA:246,0
DA:248,2
DA:249,2
DA:251,2
DA:252,2
DA:253,2
DA:254,1
DA:255,1
DA:260,1
DA:261,1
DA:263,1
DA:265,1
DA:266,1
DA:267,1
DA:269,0
DA:270,0
DA:273,0
DA:275,0
DA:276,0
DA:277,0
DA:278,0
DA:281,0
DA:288,1
DA:291,2
DA:295,1
DA:296,1
DA:297,276
DA:324,1
DA:325,2
DA:326,1
DA:328,1
DA:332,1
DA:333,0
DA:335,1
LF:95
LH:63
BRDA:36,1,0,1
BRDA:36,1,1,1
BRDA:41,2,0,1
BRDA:41,2,1,0
BRDA:91,3,0,1
BRDA:91,3,1,1
BRDA:91,4,0,2
BRDA:91,4,1,2
BRDA:91,4,2,1
BRDA:91,4,3,1
BRDA:102,5,0,0
BRDA:102,5,1,1
BRDA:130,6,0,0
BRDA:130,6,1,2
BRDA:130,7,0,2
BRDA:130,7,1,2
BRDA:139,8,0,0
BRDA:139,8,1,2
BRDA:142,9,0,2
BRDA:142,9,1,0
BRDA:167,10,0,0
BRDA:167,10,1,0
BRDA:167,11,0,0
BRDA:167,11,1,0
BRDA:176,12,0,0
BRDA:176,12,1,0
BRDA:201,13,0,0
BRDA:201,13,1,0
BRDA:201,14,0,0
BRDA:201,14,1,0
BRDA:210,15,0,0
BRDA:210,15,1,0
BRDA:214,16,0,0
BRDA:214,16,1,0
BRDA:239,17,0,0
BRDA:239,17,1,2
BRDA:245,18,0,0
BRDA:245,18,1,2
BRDA:253,19,0,1
BRDA:253,19,1,1
BRDA:260,20,0,1
BRDA:260,20,1,0
BRDA:265,21,0,1
BRDA:265,21,1,0
BRDA:269,22,0,0
BRDA:269,22,1,0
BRDA:276,23,0,0
BRDA:276,23,1,0
BRDA:325,24,0,1
BRDA:325,24,1,1
BRDA:325,25,0,2
BRDA:325,25,1,2
BRDA:332,26,0,0
BRDA:332,26,1,1
BRF:54
BRH:26
end_of_record
TN:
SF:/Users/steve/projects/dynamodb-wrap/helpers/dataHelper.js
FN:3,removeKey
FN:7,(anonymous_2)
FN:17,removeIndividualKey
FNF:3
FNH:2
FNDA:3,removeKey
FNDA:277,(anonymous_2)
FNDA:0,removeIndividualKey
DA:1,1
DA:3,1
DA:4,3
DA:5,0
DA:7,3
DA:8,277
DA:9,1876
DA:10,1876
DA:17,1
DA:18,0
DA:19,0
DA:20,0
DA:25,1
LF:13
LH:9
BRDA:4,1,0,0
BRDA:4,1,1,3
BRF:2
BRH:1
end_of_record
